CRITICAL - 2024-10-08 06:12:11 --> A non-numeric value encountered
in APPPATH\Controllers\Home.php on line 27.
 1 APPPATH\Controllers\Home.php(27): CodeIgniter\Debug\Exceptions->errorHandler()
 2 APPPATH\Controllers\Home.php(183): App\Controllers\Home->make_Random_payload()
 3 SYSTEMPATH\CodeIgniter.php(942): App\Controllers\Home->analyzeLoan()
 4 SYSTEMPATH\CodeIgniter.php(502): CodeIgniter\CodeIgniter->runController()
 5 SYSTEMPATH\CodeIgniter.php(361): CodeIgniter\CodeIgniter->handleRequest()
 6 FCPATH\index.php(80): CodeIgniter\CodeIgniter->run()
CRITICAL - 2024-10-08 13:02:08 --> Call to undefined function App\Controllers\callSalesforce()
in APPPATH\Controllers\Home.php on line 223.
 1 SYSTEMPATH\CodeIgniter.php(942): App\Controllers\Home->analyzeLoan()
 2 SYSTEMPATH\CodeIgniter.php(502): CodeIgniter\CodeIgniter->runController()
 3 SYSTEMPATH\CodeIgniter.php(361): CodeIgniter\CodeIgniter->handleRequest()
 4 FCPATH\index.php(80): CodeIgniter\CodeIgniter->run()
CRITICAL - 2024-10-08 13:02:28 --> Call to undefined function App\Controllers\callSalesforce()
in APPPATH\Controllers\Home.php on line 245.
 1 SYSTEMPATH\CodeIgniter.php(942): App\Controllers\Home->analyzeLoan()
 2 SYSTEMPATH\CodeIgniter.php(502): CodeIgniter\CodeIgniter->runController()
 3 SYSTEMPATH\CodeIgniter.php(361): CodeIgniter\CodeIgniter->handleRequest()
 4 FCPATH\index.php(80): CodeIgniter\CodeIgniter->run()
CRITICAL - 2024-10-08 13:02:38 --> Call to undefined function App\Controllers\callSalesforce()
in APPPATH\Controllers\Home.php on line 245.
 1 SYSTEMPATH\CodeIgniter.php(942): App\Controllers\Home->analyzeLoan()
 2 SYSTEMPATH\CodeIgniter.php(502): CodeIgniter\CodeIgniter->runController()
 3 SYSTEMPATH\CodeIgniter.php(361): CodeIgniter\CodeIgniter->handleRequest()
 4 FCPATH\index.php(80): CodeIgniter\CodeIgniter->run()
CRITICAL - 2024-10-08 13:02:49 --> Call to undefined function App\Controllers\callSalesforce()
in APPPATH\Controllers\Home.php on line 245.
 1 SYSTEMPATH\CodeIgniter.php(942): App\Controllers\Home->analyzeLoan()
 2 SYSTEMPATH\CodeIgniter.php(502): CodeIgniter\CodeIgniter->runController()
 3 SYSTEMPATH\CodeIgniter.php(361): CodeIgniter\CodeIgniter->handleRequest()
 4 FCPATH\index.php(80): CodeIgniter\CodeIgniter->run()
