CRITICAL - 2023-11-01 11:13:47 --> App\Controllers\Home::fun(): Return value must be of type string, none returned
in APPPATH/Controllers/Home.php on line 38.
 1 SYSTEMPATH/CodeIgniter.php(942): App\Controllers\Home->fun()
 2 SYSTEMPATH/CodeIgniter.php(502): CodeIgniter\CodeIgniter->runController(Object(App\Controllers\Home))
 3 SYSTEMPATH/CodeIgniter.php(361): CodeIgniter\CodeIgniter->handleRequest(null, Object(Config\Cache), false)
 4 FCPATH/index.php(80): CodeIgniter\CodeIgniter->run()
CRITICAL - 2023-11-01 11:14:07 --> App\Controllers\Home::fun(): Return value must be of type string, none returned
in APPPATH/Controllers/Home.php on line 39.
 1 SYSTEMPATH/CodeIgniter.php(942): App\Controllers\Home->fun()
 2 SYSTEMPATH/CodeIgniter.php(502): CodeIgniter\CodeIgniter->runController(Object(App\Controllers\Home))
 3 SYSTEMPATH/CodeIgniter.php(361): CodeIgniter\CodeIgniter->handleRequest(null, Object(Config\Cache), false)
 4 FCPATH/index.php(80): CodeIgniter\CodeIgniter->run()
CRITICAL - 2023-11-01 11:14:43 --> syntax error, unexpected token "echo", expecting ";"
in APPPATH/Controllers/Home.php on line 37.
 1 SYSTEMPATH/Autoloader/Autoloader.php(291): CodeIgniter\Autoloader\Autoloader->includeFile('/opt/lampp/htdocs/ci4/app/Controllers/Home.php')
 2 SYSTEMPATH/Autoloader/Autoloader.php(269): CodeIgniter\Autoloader\Autoloader->loadInNamespace('App\\Controllers\\Home')
 3 [internal function]: CodeIgniter\Autoloader\Autoloader->loadClass('App\\Controllers\\Home')
 4 SYSTEMPATH/CodeIgniter.php(900): class_exists('\\App\\Controllers\\Home', true)
 5 SYSTEMPATH/CodeIgniter.php(489): CodeIgniter\CodeIgniter->startController()
 6 SYSTEMPATH/CodeIgniter.php(361): CodeIgniter\CodeIgniter->handleRequest(null, Object(Config\Cache), false)
 7 FCPATH/index.php(80): CodeIgniter\CodeIgniter->run()
CRITICAL - 2023-11-01 11:16:03 --> Call to undefined function App\Controllers\read_file()
in APPPATH/Controllers/Home.php on line 23.
 1 SYSTEMPATH/CodeIgniter.php(942): App\Controllers\Home->fun()
 2 SYSTEMPATH/CodeIgniter.php(502): CodeIgniter\CodeIgniter->runController(Object(App\Controllers\Home))
 3 SYSTEMPATH/CodeIgniter.php(361): CodeIgniter\CodeIgniter->handleRequest(null, Object(Config\Cache), false)
 4 FCPATH/index.php(80): CodeIgniter\CodeIgniter->run()
CRITICAL - 2023-11-01 11:29:09 --> syntax error, unexpected string content "", expecting "-" or identifier or variable or number
in APPPATH/Controllers/Home.php on line 41.
 1 SYSTEMPATH/Autoloader/Autoloader.php(291): CodeIgniter\Autoloader\Autoloader->includeFile('/opt/lampp/htdocs/ci4/app/Controllers/Home.php')
 2 SYSTEMPATH/Autoloader/Autoloader.php(269): CodeIgniter\Autoloader\Autoloader->loadInNamespace('App\\Controllers\\Home')
 3 [internal function]: CodeIgniter\Autoloader\Autoloader->loadClass('App\\Controllers\\Home')
 4 SYSTEMPATH/CodeIgniter.php(900): class_exists('\\App\\Controllers\\Home', true)
 5 SYSTEMPATH/CodeIgniter.php(489): CodeIgniter\CodeIgniter->startController()
 6 SYSTEMPATH/CodeIgniter.php(361): CodeIgniter\CodeIgniter->handleRequest(null, Object(Config\Cache), false)
 7 FCPATH/index.php(80): CodeIgniter\CodeIgniter->run()
CRITICAL - 2023-11-01 11:29:28 --> Undefined variable $row
in APPPATH/Controllers/Home.php on line 40.
 1 APPPATH/Controllers/Home.php(40): CodeIgniter\Debug\Exceptions->errorHandler(2, 'Undefined variable $row', '/opt/lampp/htdocs/ci4/app/Controllers/Home.php', 40)
 2 SYSTEMPATH/CodeIgniter.php(942): App\Controllers\Home->fun()
 3 SYSTEMPATH/CodeIgniter.php(502): CodeIgniter\CodeIgniter->runController(Object(App\Controllers\Home))
 4 SYSTEMPATH/CodeIgniter.php(361): CodeIgniter\CodeIgniter->handleRequest(null, Object(Config\Cache), false)
 5 FCPATH/index.php(80): CodeIgniter\CodeIgniter->run()
CRITICAL - 2023-11-01 11:33:00 --> Undefined constant "App\Controllers\loan_Amount"
in APPPATH/Controllers/Home.php on line 42.
 1 SYSTEMPATH/CodeIgniter.php(942): App\Controllers\Home->fun()
 2 SYSTEMPATH/CodeIgniter.php(502): CodeIgniter\CodeIgniter->runController(Object(App\Controllers\Home))
 3 SYSTEMPATH/CodeIgniter.php(361): CodeIgniter\CodeIgniter->handleRequest(null, Object(Config\Cache), false)
 4 FCPATH/index.php(80): CodeIgniter\CodeIgniter->run()
CRITICAL - 2023-11-01 11:34:14 --> Array to string conversion
in APPPATH/Controllers/Home.php on line 45.
 1 APPPATH/Controllers/Home.php(45): CodeIgniter\Debug\Exceptions->errorHandler(2, 'Array to string conversion', '/opt/lampp/htdocs/ci4/app/Controllers/Home.php', 45)
 2 SYSTEMPATH/CodeIgniter.php(942): App\Controllers\Home->fun()
 3 SYSTEMPATH/CodeIgniter.php(502): CodeIgniter\CodeIgniter->runController(Object(App\Controllers\Home))
 4 SYSTEMPATH/CodeIgniter.php(361): CodeIgniter\CodeIgniter->handleRequest(null, Object(Config\Cache), false)
 5 FCPATH/index.php(80): CodeIgniter\CodeIgniter->run()
CRITICAL - 2023-11-01 11:34:34 --> Array to string conversion
in APPPATH/Controllers/Home.php on line 45.
 1 APPPATH/Controllers/Home.php(45): CodeIgniter\Debug\Exceptions->errorHandler(2, 'Array to string conversion', '/opt/lampp/htdocs/ci4/app/Controllers/Home.php', 45)
 2 SYSTEMPATH/CodeIgniter.php(942): App\Controllers\Home->fun()
 3 SYSTEMPATH/CodeIgniter.php(502): CodeIgniter\CodeIgniter->runController(Object(App\Controllers\Home))
 4 SYSTEMPATH/CodeIgniter.php(361): CodeIgniter\CodeIgniter->handleRequest(null, Object(Config\Cache), false)
 5 FCPATH/index.php(80): CodeIgniter\CodeIgniter->run()
CRITICAL - 2023-11-01 11:40:52 --> syntax error, unexpected token ")"
in APPPATH/Controllers/Home.php on line 46.
 1 SYSTEMPATH/Autoloader/Autoloader.php(291): CodeIgniter\Autoloader\Autoloader->includeFile('/opt/lampp/htdocs/ci4/app/Controllers/Home.php')
 2 SYSTEMPATH/Autoloader/Autoloader.php(269): CodeIgniter\Autoloader\Autoloader->loadInNamespace('App\\Controllers\\Home')
 3 [internal function]: CodeIgniter\Autoloader\Autoloader->loadClass('App\\Controllers\\Home')
 4 SYSTEMPATH/CodeIgniter.php(900): class_exists('\\App\\Controllers\\Home', true)
 5 SYSTEMPATH/CodeIgniter.php(489): CodeIgniter\CodeIgniter->startController()
 6 SYSTEMPATH/CodeIgniter.php(361): CodeIgniter\CodeIgniter->handleRequest(null, Object(Config\Cache), false)
 7 FCPATH/index.php(80): CodeIgniter\CodeIgniter->run()
