CRITICAL - 2023-11-03 05:42:59 --> syntax error, unexpected token ":", expecting "]"
in APPPATH/Controllers/Home.php on line 203.
 1 SYSTEMPATH/Autoloader/Autoloader.php(291): CodeIgniter\Autoloader\Autoloader->includeFile('/opt/lampp/htdocs/ci4/app/Controllers/Home.php')
 2 SYSTEMPATH/Autoloader/Autoloader.php(269): CodeIgniter\Autoloader\Autoloader->loadInNamespace('App\\Controllers\\Home')
 3 [internal function]: CodeIgniter\Autoloader\Autoloader->loadClass('App\\Controllers\\Home')
 4 SYSTEMPATH/CodeIgniter.php(900): class_exists('\\App\\Controllers\\Home', true)
 5 SYSTEMPATH/CodeIgniter.php(489): CodeIgniter\CodeIgniter->startController()
 6 SYSTEMPATH/CodeIgniter.php(361): CodeIgniter\CodeIgniter->handleRequest(null, Object(Config\Cache), false)
 7 FCPATH/index.php(80): CodeIgniter\CodeIgniter->run()
CRITICAL - 2023-11-03 06:43:52 --> App\Controllers\Home::make_Random_payload(): Return value must be of type array, null returned
in APPPATH/Controllers/Home.php on line 74.
 1 APPPATH/Controllers/Home.php(175): App\Controllers\Home->make_Random_payload(5000, 1, 12000, '', '6080')
 2 SYSTEMPATH/CodeIgniter.php(942): App\Controllers\Home->analyzeLoan()
 3 SYSTEMPATH/CodeIgniter.php(502): CodeIgniter\CodeIgniter->runController(Object(App\Controllers\Home))
 4 SYSTEMPATH/CodeIgniter.php(361): CodeIgniter\CodeIgniter->handleRequest(null, Object(Config\Cache), false)
 5 FCPATH/index.php(80): CodeIgniter\CodeIgniter->run()
CRITICAL - 2023-11-03 06:44:24 --> App\Controllers\Home::make_Random_payload(): Return value must be of type array, null returned
in APPPATH/Controllers/Home.php on line 74.
 1 APPPATH/Controllers/Home.php(175): App\Controllers\Home->make_Random_payload(5000, 1, 12000, '', '6080')
 2 SYSTEMPATH/CodeIgniter.php(942): App\Controllers\Home->analyzeLoan()
 3 SYSTEMPATH/CodeIgniter.php(502): CodeIgniter\CodeIgniter->runController(Object(App\Controllers\Home))
 4 SYSTEMPATH/CodeIgniter.php(361): CodeIgniter\CodeIgniter->handleRequest(null, Object(Config\Cache), false)
 5 FCPATH/index.php(80): CodeIgniter\CodeIgniter->run()
CRITICAL - 2023-11-03 06:44:25 --> App\Controllers\Home::make_Random_payload(): Return value must be of type array, null returned
in APPPATH/Controllers/Home.php on line 74.
 1 APPPATH/Controllers/Home.php(175): App\Controllers\Home->make_Random_payload(5000, 1, 12000, '', '6080')
 2 SYSTEMPATH/CodeIgniter.php(942): App\Controllers\Home->analyzeLoan()
 3 SYSTEMPATH/CodeIgniter.php(502): CodeIgniter\CodeIgniter->runController(Object(App\Controllers\Home))
 4 SYSTEMPATH/CodeIgniter.php(361): CodeIgniter\CodeIgniter->handleRequest(null, Object(Config\Cache), false)
 5 FCPATH/index.php(80): CodeIgniter\CodeIgniter->run()
CRITICAL - 2023-11-03 06:44:25 --> App\Controllers\Home::make_Random_payload(): Return value must be of type array, null returned
in APPPATH/Controllers/Home.php on line 74.
 1 APPPATH/Controllers/Home.php(175): App\Controllers\Home->make_Random_payload(5000, 1, 12000, '', '6080')
 2 SYSTEMPATH/CodeIgniter.php(942): App\Controllers\Home->analyzeLoan()
 3 SYSTEMPATH/CodeIgniter.php(502): CodeIgniter\CodeIgniter->runController(Object(App\Controllers\Home))
 4 SYSTEMPATH/CodeIgniter.php(361): CodeIgniter\CodeIgniter->handleRequest(null, Object(Config\Cache), false)
 5 FCPATH/index.php(80): CodeIgniter\CodeIgniter->run()
CRITICAL - 2023-11-03 06:54:56 --> syntax error, unexpected token "exit"
in APPPATH/Controllers/Home.php on line 216.
 1 SYSTEMPATH/Autoloader/Autoloader.php(291): CodeIgniter\Autoloader\Autoloader->includeFile('/opt/lampp/htdocs/ci4/app/Controllers/Home.php')
 2 SYSTEMPATH/Autoloader/Autoloader.php(269): CodeIgniter\Autoloader\Autoloader->loadInNamespace('App\\Controllers\\Home')
 3 [internal function]: CodeIgniter\Autoloader\Autoloader->loadClass('App\\Controllers\\Home')
 4 SYSTEMPATH/CodeIgniter.php(900): class_exists('\\App\\Controllers\\Home', true)
 5 SYSTEMPATH/CodeIgniter.php(489): CodeIgniter\CodeIgniter->startController()
 6 SYSTEMPATH/CodeIgniter.php(361): CodeIgniter\CodeIgniter->handleRequest(null, Object(Config\Cache), false)
 7 FCPATH/index.php(80): CodeIgniter\CodeIgniter->run()
CRITICAL - 2023-11-03 07:01:34 --> Cannot access offset of type string on string
in APPPATH/Controllers/Home.php on line 223.
 1 SYSTEMPATH/CodeIgniter.php(942): App\Controllers\Home->analyzeLoan()
 2 SYSTEMPATH/CodeIgniter.php(502): CodeIgniter\CodeIgniter->runController(Object(App\Controllers\Home))
 3 SYSTEMPATH/CodeIgniter.php(361): CodeIgniter\CodeIgniter->handleRequest(null, Object(Config\Cache), false)
 4 FCPATH/index.php(80): CodeIgniter\CodeIgniter->run()
CRITICAL - 2023-11-03 07:02:15 --> Cannot access offset of type string on string
in APPPATH/Controllers/Home.php on line 223.
 1 SYSTEMPATH/CodeIgniter.php(942): App\Controllers\Home->analyzeLoan()
 2 SYSTEMPATH/CodeIgniter.php(502): CodeIgniter\CodeIgniter->runController(Object(App\Controllers\Home))
 3 SYSTEMPATH/CodeIgniter.php(361): CodeIgniter\CodeIgniter->handleRequest(null, Object(Config\Cache), false)
 4 FCPATH/index.php(80): CodeIgniter\CodeIgniter->run()
CRITICAL - 2023-11-03 07:02:33 --> Cannot access offset of type string on string
in APPPATH/Controllers/Home.php on line 223.
 1 SYSTEMPATH/CodeIgniter.php(942): App\Controllers\Home->analyzeLoan()
 2 SYSTEMPATH/CodeIgniter.php(502): CodeIgniter\CodeIgniter->runController(Object(App\Controllers\Home))
 3 SYSTEMPATH/CodeIgniter.php(361): CodeIgniter\CodeIgniter->handleRequest(null, Object(Config\Cache), false)
 4 FCPATH/index.php(80): CodeIgniter\CodeIgniter->run()
CRITICAL - 2023-11-03 07:02:38 --> Cannot access offset of type string on string
in APPPATH/Controllers/Home.php on line 223.
 1 SYSTEMPATH/CodeIgniter.php(942): App\Controllers\Home->analyzeLoan()
 2 SYSTEMPATH/CodeIgniter.php(502): CodeIgniter\CodeIgniter->runController(Object(App\Controllers\Home))
 3 SYSTEMPATH/CodeIgniter.php(361): CodeIgniter\CodeIgniter->handleRequest(null, Object(Config\Cache), false)
 4 FCPATH/index.php(80): CodeIgniter\CodeIgniter->run()
CRITICAL - 2023-11-03 07:03:59 --> Cannot use object of type stdClass as array
in APPPATH/Controllers/Home.php on line 225.
 1 SYSTEMPATH/CodeIgniter.php(942): App\Controllers\Home->analyzeLoan()
 2 SYSTEMPATH/CodeIgniter.php(502): CodeIgniter\CodeIgniter->runController(Object(App\Controllers\Home))
 3 SYSTEMPATH/CodeIgniter.php(361): CodeIgniter\CodeIgniter->handleRequest(null, Object(Config\Cache), false)
 4 FCPATH/index.php(80): CodeIgniter\CodeIgniter->run()
CRITICAL - 2023-11-03 07:09:22 --> Undefined variable $title
in APPPATH/Views/template.php on line 37.
 1 APPPATH/Views/template.php(37): CodeIgniter\Debug\Exceptions->errorHandler(2, 'Undefined variable $title', '/opt/lampp/htdocs/ci4/app/Views/template.php', 37)
 2 SYSTEMPATH/View/View.php(228): include('/opt/lampp/htdocs/ci4/app/Views/template.php')
 3 SYSTEMPATH/View/View.php(231): CodeIgniter\View\View->CodeIgniter\View\{closure}()
 4 SYSTEMPATH/View/View.php(244): CodeIgniter\View\View->render('template', [], true)
 5 SYSTEMPATH/Common.php(1190): CodeIgniter\View\View->render('creditSense1', [], true)
 6 APPPATH/Controllers/Home.php(239): view('creditSense1')
 7 SYSTEMPATH/CodeIgniter.php(942): App\Controllers\Home->creditSense()
 8 SYSTEMPATH/CodeIgniter.php(502): CodeIgniter\CodeIgniter->runController(Object(App\Controllers\Home))
 9 SYSTEMPATH/CodeIgniter.php(361): CodeIgniter\CodeIgniter->handleRequest(null, Object(Config\Cache), false)
10 FCPATH/index.php(80): CodeIgniter\CodeIgniter->run()
CRITICAL - 2023-11-03 07:11:24 --> Undefined variable $content
in APPPATH/Views/template.php on line 79.
 1 APPPATH/Views/template.php(79): CodeIgniter\Debug\Exceptions->errorHandler(2, 'Undefined variable $content', '/opt/lampp/htdocs/ci4/app/Views/template.php', 79)
 2 SYSTEMPATH/View/View.php(228): include('/opt/lampp/htdocs/ci4/app/Views/template.php')
 3 SYSTEMPATH/View/View.php(231): CodeIgniter\View\View->CodeIgniter\View\{closure}()
 4 SYSTEMPATH/View/View.php(244): CodeIgniter\View\View->render('template', [], true)
 5 SYSTEMPATH/Common.php(1190): CodeIgniter\View\View->render('creditSense1', [], true)
 6 APPPATH/Controllers/Home.php(239): view('creditSense1', [...])
 7 SYSTEMPATH/CodeIgniter.php(942): App\Controllers\Home->creditSense()
 8 SYSTEMPATH/CodeIgniter.php(502): CodeIgniter\CodeIgniter->runController(Object(App\Controllers\Home))
 9 SYSTEMPATH/CodeIgniter.php(361): CodeIgniter\CodeIgniter->handleRequest(null, Object(Config\Cache), false)
10 FCPATH/index.php(80): CodeIgniter\CodeIgniter->run()
CRITICAL - 2023-11-03 08:28:14 --> App\Controllers\Home::allbanks(): Return value must be of type string, array returned
in APPPATH/Controllers/Home.php on line 245.
 1 SYSTEMPATH/CodeIgniter.php(942): App\Controllers\Home->allbanks()
 2 SYSTEMPATH/CodeIgniter.php(502): CodeIgniter\CodeIgniter->runController(Object(App\Controllers\Home))
 3 SYSTEMPATH/CodeIgniter.php(361): CodeIgniter\CodeIgniter->handleRequest(null, Object(Config\Cache), false)
 4 FCPATH/index.php(80): CodeIgniter\CodeIgniter->run()
CRITICAL - 2023-11-03 08:39:14 --> syntax error, unexpected token "=>", expecting ")"
in APPPATH/Controllers/Home.php on line 258.
 1 SYSTEMPATH/Autoloader/Autoloader.php(291): CodeIgniter\Autoloader\Autoloader->includeFile('/opt/lampp/htdocs/ci4/app/Controllers/Home.php')
 2 SYSTEMPATH/Autoloader/Autoloader.php(269): CodeIgniter\Autoloader\Autoloader->loadInNamespace('App\\Controllers\\Home')
 3 [internal function]: CodeIgniter\Autoloader\Autoloader->loadClass('App\\Controllers\\Home')
 4 SYSTEMPATH/CodeIgniter.php(900): class_exists('\\App\\Controllers\\Home', true)
 5 SYSTEMPATH/CodeIgniter.php(489): CodeIgniter\CodeIgniter->startController()
 6 SYSTEMPATH/CodeIgniter.php(361): CodeIgniter\CodeIgniter->handleRequest(null, Object(Config\Cache), false)
 7 FCPATH/index.php(80): CodeIgniter\CodeIgniter->run()
CRITICAL - 2023-11-03 08:39:50 --> App\Controllers\Home::allbanks(): Return value must be of type array, CodeIgniter\HTTP\Response returned
in APPPATH/Controllers/Home.php on line 258.
 1 SYSTEMPATH/CodeIgniter.php(942): App\Controllers\Home->allbanks()
 2 SYSTEMPATH/CodeIgniter.php(502): CodeIgniter\CodeIgniter->runController(Object(App\Controllers\Home))
 3 SYSTEMPATH/CodeIgniter.php(361): CodeIgniter\CodeIgniter->handleRequest(null, Object(Config\Cache), false)
 4 FCPATH/index.php(80): CodeIgniter\CodeIgniter->run()
CRITICAL - 2023-11-03 08:40:15 --> App\Controllers\Home::allbanks(): Return value must be of type App\Controllers\any, CodeIgniter\HTTP\Response returned
in APPPATH/Controllers/Home.php on line 258.
 1 SYSTEMPATH/CodeIgniter.php(942): App\Controllers\Home->allbanks()
 2 SYSTEMPATH/CodeIgniter.php(502): CodeIgniter\CodeIgniter->runController(Object(App\Controllers\Home))
 3 SYSTEMPATH/CodeIgniter.php(361): CodeIgniter\CodeIgniter->handleRequest(null, Object(Config\Cache), false)
 4 FCPATH/index.php(80): CodeIgniter\CodeIgniter->run()
CRITICAL - 2023-11-03 08:40:16 --> App\Controllers\Home::allbanks(): Return value must be of type App\Controllers\any, CodeIgniter\HTTP\Response returned
in APPPATH/Controllers/Home.php on line 258.
 1 SYSTEMPATH/CodeIgniter.php(942): App\Controllers\Home->allbanks()
 2 SYSTEMPATH/CodeIgniter.php(502): CodeIgniter\CodeIgniter->runController(Object(App\Controllers\Home))
 3 SYSTEMPATH/CodeIgniter.php(361): CodeIgniter\CodeIgniter->handleRequest(null, Object(Config\Cache), false)
 4 FCPATH/index.php(80): CodeIgniter\CodeIgniter->run()
CRITICAL - 2023-11-03 08:40:16 --> App\Controllers\Home::allbanks(): Return value must be of type App\Controllers\any, CodeIgniter\HTTP\Response returned
in APPPATH/Controllers/Home.php on line 258.
 1 SYSTEMPATH/CodeIgniter.php(942): App\Controllers\Home->allbanks()
 2 SYSTEMPATH/CodeIgniter.php(502): CodeIgniter\CodeIgniter->runController(Object(App\Controllers\Home))
 3 SYSTEMPATH/CodeIgniter.php(361): CodeIgniter\CodeIgniter->handleRequest(null, Object(Config\Cache), false)
 4 FCPATH/index.php(80): CodeIgniter\CodeIgniter->run()
CRITICAL - 2023-11-03 10:26:32 --> Undefined variable $title
in APPPATH/Views/template.php on line 37.
 1 APPPATH/Views/template.php(37): CodeIgniter\Debug\Exceptions->errorHandler(2, 'Undefined variable $title', '/opt/lampp/htdocs/ci4/app/Views/template.php', 37)
 2 SYSTEMPATH/View/View.php(228): include('/opt/lampp/htdocs/ci4/app/Views/template.php')
 3 SYSTEMPATH/View/View.php(231): CodeIgniter\View\View->CodeIgniter\View\{closure}()
 4 SYSTEMPATH/View/View.php(244): CodeIgniter\View\View->render('template', [], true)
 5 SYSTEMPATH/Common.php(1190): CodeIgniter\View\View->render('applyLoan', [], true)
 6 APPPATH/Controllers/Home.php(85): view('applyLoan')
 7 SYSTEMPATH/CodeIgniter.php(942): App\Controllers\Home->applyLoan()
 8 SYSTEMPATH/CodeIgniter.php(502): CodeIgniter\CodeIgniter->runController(Object(App\Controllers\Home))
 9 SYSTEMPATH/CodeIgniter.php(361): CodeIgniter\CodeIgniter->handleRequest(null, Object(Config\Cache), false)
10 FCPATH/index.php(80): CodeIgniter\CodeIgniter->run()
CRITICAL - 2023-11-03 10:28:14 --> Undefined variable $title
in APPPATH/Views/template.php on line 37.
 1 APPPATH/Views/template.php(37): CodeIgniter\Debug\Exceptions->errorHandler(2, 'Undefined variable $title', '/opt/lampp/htdocs/ci4/app/Views/template.php', 37)
 2 SYSTEMPATH/View/View.php(228): include('/opt/lampp/htdocs/ci4/app/Views/template.php')
 3 SYSTEMPATH/View/View.php(231): CodeIgniter\View\View->CodeIgniter\View\{closure}()
 4 SYSTEMPATH/View/View.php(244): CodeIgniter\View\View->render('template', [], true)
 5 SYSTEMPATH/Common.php(1190): CodeIgniter\View\View->render('applyLoan', [], true)
 6 APPPATH/Controllers/Home.php(85): view('applyLoan', [...])
 7 SYSTEMPATH/CodeIgniter.php(942): App\Controllers\Home->applyLoan()
 8 SYSTEMPATH/CodeIgniter.php(502): CodeIgniter\CodeIgniter->runController(Object(App\Controllers\Home))
 9 SYSTEMPATH/CodeIgniter.php(361): CodeIgniter\CodeIgniter->handleRequest(null, Object(Config\Cache), false)
10 FCPATH/index.php(80): CodeIgniter\CodeIgniter->run()
CRITICAL - 2023-11-03 10:30:53 --> Undefined array key "pay_frequency"
in APPPATH/Controllers/Home.php on line 143.
 1 APPPATH/Controllers/Home.php(143): CodeIgniter\Debug\Exceptions->errorHandler(2, 'Undefined array key "pay_frequency"', '/opt/lampp/htdocs/ci4/app/Controllers/Home.php', 143)
 2 SYSTEMPATH/CodeIgniter.php(942): App\Controllers\Home->analyzeLoan()
 3 SYSTEMPATH/CodeIgniter.php(502): CodeIgniter\CodeIgniter->runController(Object(App\Controllers\Home))
 4 SYSTEMPATH/CodeIgniter.php(361): CodeIgniter\CodeIgniter->handleRequest(null, Object(Config\Cache), false)
 5 FCPATH/index.php(80): CodeIgniter\CodeIgniter->run()
CRITICAL - 2023-11-03 10:40:38 --> Undefined array key "Email"
in APPPATH/Controllers/Home.php on line 151.
 1 APPPATH/Controllers/Home.php(151): CodeIgniter\Debug\Exceptions->errorHandler(2, 'Undefined array key "Email"', '/opt/lampp/htdocs/ci4/app/Controllers/Home.php', 151)
 2 SYSTEMPATH/CodeIgniter.php(942): App\Controllers\Home->analyzeLoan()
 3 SYSTEMPATH/CodeIgniter.php(502): CodeIgniter\CodeIgniter->runController(Object(App\Controllers\Home))
 4 SYSTEMPATH/CodeIgniter.php(361): CodeIgniter\CodeIgniter->handleRequest(null, Object(Config\Cache), false)
 5 FCPATH/index.php(80): CodeIgniter\CodeIgniter->run()
CRITICAL - 2023-11-03 10:41:36 --> Undefined array key "Email"
in APPPATH/Controllers/Home.php on line 151.
 1 APPPATH/Controllers/Home.php(151): CodeIgniter\Debug\Exceptions->errorHandler(2, 'Undefined array key "Email"', '/opt/lampp/htdocs/ci4/app/Controllers/Home.php', 151)
 2 SYSTEMPATH/CodeIgniter.php(942): App\Controllers\Home->analyzeLoan()
 3 SYSTEMPATH/CodeIgniter.php(502): CodeIgniter\CodeIgniter->runController(Object(App\Controllers\Home))
 4 SYSTEMPATH/CodeIgniter.php(361): CodeIgniter\CodeIgniter->handleRequest(null, Object(Config\Cache), false)
 5 FCPATH/index.php(80): CodeIgniter\CodeIgniter->run()
CRITICAL - 2023-11-03 10:41:56 --> Undefined array key "Email"
in APPPATH/Controllers/Home.php on line 151.
 1 APPPATH/Controllers/Home.php(151): CodeIgniter\Debug\Exceptions->errorHandler(2, 'Undefined array key "Email"', '/opt/lampp/htdocs/ci4/app/Controllers/Home.php', 151)
 2 SYSTEMPATH/CodeIgniter.php(942): App\Controllers\Home->analyzeLoan()
 3 SYSTEMPATH/CodeIgniter.php(502): CodeIgniter\CodeIgniter->runController(Object(App\Controllers\Home))
 4 SYSTEMPATH/CodeIgniter.php(361): CodeIgniter\CodeIgniter->handleRequest(null, Object(Config\Cache), false)
 5 FCPATH/index.php(80): CodeIgniter\CodeIgniter->run()
CRITICAL - 2023-11-03 11:32:53 --> Undefined variable $title
in APPPATH/Views/template.php on line 38.
 1 APPPATH/Views/template.php(38): CodeIgniter\Debug\Exceptions->errorHandler(2, 'Undefined variable $title', '/opt/lampp/htdocs/ci4/app/Views/template.php', 38)
 2 SYSTEMPATH/View/View.php(228): include('/opt/lampp/htdocs/ci4/app/Views/template.php')
 3 SYSTEMPATH/View/View.php(231): CodeIgniter\View\View->CodeIgniter\View\{closure}()
 4 SYSTEMPATH/View/View.php(244): CodeIgniter\View\View->render('template', [], true)
 5 SYSTEMPATH/Common.php(1190): CodeIgniter\View\View->render('home', [], true)
 6 APPPATH/Controllers/Home.php(10): view('home')
 7 SYSTEMPATH/CodeIgniter.php(942): App\Controllers\Home->index()
 8 SYSTEMPATH/CodeIgniter.php(502): CodeIgniter\CodeIgniter->runController(Object(App\Controllers\Home))
 9 SYSTEMPATH/CodeIgniter.php(361): CodeIgniter\CodeIgniter->handleRequest(null, Object(Config\Cache), false)
10 FCPATH/index.php(80): CodeIgniter\CodeIgniter->run()
CRITICAL - 2023-11-03 11:44:22 --> Undefined array key "pay_frequency"
in APPPATH/Controllers/Home.php on line 143.
 1 APPPATH/Controllers/Home.php(143): CodeIgniter\Debug\Exceptions->errorHandler(2, 'Undefined array key "pay_frequency"', '/opt/lampp/htdocs/ci4/app/Controllers/Home.php', 143)
 2 SYSTEMPATH/CodeIgniter.php(942): App\Controllers\Home->analyzeLoan()
 3 SYSTEMPATH/CodeIgniter.php(502): CodeIgniter\CodeIgniter->runController(Object(App\Controllers\Home))
 4 SYSTEMPATH/CodeIgniter.php(361): CodeIgniter\CodeIgniter->handleRequest(null, Object(Config\Cache), false)
 5 FCPATH/index.php(80): CodeIgniter\CodeIgniter->run()
